0 verbose cli [
0 verbose cli   'C:\\Program Files\\nodejs\\node.exe',
0 verbose cli   'C:\\Users\\SHERIPH WORKSTATION\\AppData\\Roaming\\npm\\node_modules\\npm\\bin\\npm-cli.js',
0 verbose cli   'run',
0 verbose cli   'start'
0 verbose cli ]
1 info using npm@7.5.2
2 info using node@v12.16.2
3 timing config:load:defaults Completed in 3ms
4 timing config:load:file:C:\Users\SHERIPH WORKSTATION\AppData\Roaming\npm\node_modules\npm\npmrc Completed in 2ms
5 timing config:load:builtin Completed in 2ms
6 timing config:load:cli Completed in 3ms
7 timing config:load:env Completed in 1ms
8 timing config:load:file:C:\Users\SHERIPH WORKSTATION\Documents\eduapp\client\.npmrc Completed in 1ms
9 timing config:load:project Completed in 2ms
10 timing config:load:file:C:\Users\SHERIPH WORKSTATION\.npmrc Completed in 0ms
11 timing config:load:user Completed in 0ms
12 timing config:load:file:C:\Users\SHERIPH WORKSTATION\AppData\Roaming\npm\etc\npmrc Completed in 1ms
13 timing config:load:global Completed in 1ms
14 timing config:load:cafile Completed in 0ms
15 timing config:load:validate Completed in 1ms
16 timing config:load:setUserAgent Completed in 1ms
17 timing config:load:setEnvs Completed in 1ms
18 timing config:load Completed in 16ms
19 verbose npm-session b7d3e51cef6c7497
20 timing npm:load Completed in 33ms
21 timing command:run-script Completed in 35352753ms
22 verbose stack Error: command failed
22 verbose stack     at ChildProcess.<anonymous> (C:\Users\SHERIPH WORKSTATION\AppData\Roaming\npm\node_modules\npm\node_modules\@npmcli\promise-spawn\index.js:64:27)
22 verbose stack     at ChildProcess.emit (events.js:310:20)
22 verbose stack     at maybeClose (internal/child_process.js:1021:16)
22 verbose stack     at Process.ChildProcess._handle.onexit (internal/child_process.js:286:5)
23 verbose pkgid my-app@0.1.0
24 verbose cwd C:\Users\SHERIPH WORKSTATION\Documents\eduapp\client
25 verbose Windows_NT 10.0.17134
26 verbose argv "C:\\Program Files\\nodejs\\node.exe" "C:\\Users\\SHERIPH WORKSTATION\\AppData\\Roaming\\npm\\node_modules\\npm\\bin\\npm-cli.js" "run" "start"
27 verbose node v12.16.2
28 verbose npm  v7.5.2
29 error code 3221225786
30 error path C:\Users\SHERIPH WORKSTATION\Documents\eduapp\client
31 error command failed
32 error command C:\WINDOWS\system32\cmd.exe /d /s /c react-scripts start
33 verbose exit 3221225786
