0 verbose cli [
0 verbose cli   'C:\\Program Files\\nodejs\\node.exe',
0 verbose cli   'C:\\Users\\SHERIPH WORKSTATION\\AppData\\Roaming\\npm\\node_modules\\npm\\bin\\npm-cli.js',
0 verbose cli   'install',
0 verbose cli   'recoil',
0 verbose cli   '--save'
0 verbose cli ]
1 info using npm@7.5.2
2 info using node@v12.16.2
3 timing config:load:defaults Completed in 1ms
4 timing config:load:file:C:\Users\SHERIPH WORKSTATION\AppData\Roaming\npm\node_modules\npm\npmrc Completed in 3ms
5 timing config:load:builtin Completed in 3ms
6 timing config:load:cli Completed in 2ms
7 timing config:load:env Completed in 0ms
8 timing config:load:file:C:\Users\SHERIPH WORKSTATION\Documents\eduapp\client\.npmrc Completed in 0ms
9 timing config:load:project Completed in 1ms
10 timing config:load:file:C:\Users\SHERIPH WORKSTATION\.npmrc Completed in 1ms
11 timing config:load:user Completed in 1ms
12 timing config:load:file:C:\Users\SHERIPH WORKSTATION\AppData\Roaming\npm\etc\npmrc Completed in 1ms
13 timing config:load:global Completed in 1ms
14 timing config:load:cafile Completed in 0ms
15 timing config:load:validate Completed in 0ms
16 timing config:load:setUserAgent Completed in 1ms
17 timing config:load:setEnvs Completed in 1ms
18 timing config:load Completed in 11ms
19 verbose npm-session e9c151f8d8b319c9
20 timing npm:load Completed in 88ms
21 timing arborist:ctor Completed in 1ms
22 timing idealTree:init Completed in 6092ms
23 timing idealTree:userRequests Completed in 2ms
24 silly idealTree buildDeps
25 silly fetch manifest recoil@*
26 timing arborist:ctor Completed in 0ms
27 http fetch GET 200 https://registry.npmjs.org/recoil 3971ms
28 silly fetch manifest react@^17.0.1
29 http fetch GET 200 https://registry.npmjs.org/react 1231ms
30 silly fetch manifest react@^16.13.1
31 timing idealTree Completed in 11315ms
32 timing command:install Completed in 11326ms
33 verbose stack Error: unable to resolve dependency tree
33 verbose stack     at Arborist.[failPeerConflict] (C:\Users\SHERIPH WORKSTATION\AppData\Roaming\npm\node_modules\npm\node_modules\@npmcli\arborist\lib\arborist\build-ideal-tree.js:1115:25)
33 verbose stack     at Arborist.[loadPeerSet] (C:\Users\SHERIPH WORKSTATION\AppData\Roaming\npm\node_modules\npm\node_modules\@npmcli\arborist\lib\arborist\build-ideal-tree.js:1095:34)
33 verbose stack     at async Arborist.[buildDepStep] (C:\Users\SHERIPH WORKSTATION\AppData\Roaming\npm\node_modules\npm\node_modules\@npmcli\arborist\lib\arborist\build-ideal-tree.js:824:11)
33 verbose stack     at async Arborist.buildIdealTree (C:\Users\SHERIPH WORKSTATION\AppData\Roaming\npm\node_modules\npm\node_modules\@npmcli\arborist\lib\arborist\build-ideal-tree.js:209:7)
33 verbose stack     at async Promise.all (index 1)
33 verbose stack     at async Arborist.reify (C:\Users\SHERIPH WORKSTATION\AppData\Roaming\npm\node_modules\npm\node_modules\@npmcli\arborist\lib\arborist\reify.js:127:5)
33 verbose stack     at async install (C:\Users\SHERIPH WORKSTATION\AppData\Roaming\npm\node_modules\npm\lib\install.js:38:3)
34 verbose cwd C:\Users\SHERIPH WORKSTATION\Documents\eduapp\client
35 verbose Windows_NT 10.0.17134
36 verbose argv "C:\\Program Files\\nodejs\\node.exe" "C:\\Users\\SHERIPH WORKSTATION\\AppData\\Roaming\\npm\\node_modules\\npm\\bin\\npm-cli.js" "install" "recoil" "--save"
37 verbose node v12.16.2
38 verbose npm  v7.5.2
39 error code ERESOLVE
40 error ERESOLVE unable to resolve dependency tree
41 error
42 error While resolving: [1mmy-app[22m@[1m0.1.0[22m
42 error Found: [1mreact[22m@[1m17.0.1[22m[2m[22m
42 error [2mnode_modules/react[22m
42 error   [1mreact[22m@"[1m^17.0.1[22m" from the root project
42 error
42 error Could not resolve dependency:
42 error [35mpeer[39m [1mreact[22m@"[1m^16.13.1[22m" from [1mrecoil[22m@[1m0.1.2[22m[2m[22m
42 error [2mnode_modules/recoil[22m
42 error   [1mrecoil[22m@"[1m*[22m" from the root project
42 error
42 error Fix the upstream dependency conflict, or retry
42 error this command with --force, or --legacy-peer-deps
42 error to accept an incorrect (and potentially broken) dependency resolution.
42 error
42 error See C:\Users\SHERIPH WORKSTATION\Documents\eduapp\client\tmpnodejsnpm-cache\eresolve-report.txt for a full report.
43 verbose exit 1
